0 info it worked if it ends with ok
1 verbose cli [ 'node', '/usr/local/bin/npm', 'install', 'ngCordova' ]
2 info using npm@2.12.1
3 info using node@v0.12.7
4 verbose node symlink /usr/local/bin/node
5 verbose install initial load of /Users/tengyao/Development/tengyao/package.json
6 warn package.json tengyao@1.0.0 No repository field.
7 warn package.json tengyao@1.0.0 No README data
8 warn package.json tengyao@1.0.0 No license field.
9 verbose installManyTop reading scoped package data from /Users/tengyao/Development/tengyao/node_modules/bower/package.json
10 verbose installManyTop reading scoped package data from /Users/tengyao/Development/tengyao/node_modules/gulp/package.json
11 verbose installManyTop reading scoped package data from /Users/tengyao/Development/tengyao/node_modules/gulp-concat/package.json
12 verbose installManyTop reading scoped package data from /Users/tengyao/Development/tengyao/node_modules/gulp-minify-css/package.json
13 verbose installManyTop reading scoped package data from /Users/tengyao/Development/tengyao/node_modules/gulp-rename/package.json
14 verbose installManyTop reading scoped package data from /Users/tengyao/Development/tengyao/node_modules/gulp-sass/package.json
15 verbose installManyTop reading scoped package data from /Users/tengyao/Development/tengyao/node_modules/gulp-util/package.json
16 verbose installManyTop reading scoped package data from /Users/tengyao/Development/tengyao/node_modules/node-sass/package.json
17 verbose installManyTop reading scoped package data from /Users/tengyao/Development/tengyao/node_modules/shelljs/package.json
18 info package.json bower@1.4.1 No license field.
19 info package.json shelljs@0.3.0 license should be a valid SPDX license expression
20 info package.json gulp-rename@1.2.2 No license field.
21 info package.json gulp-minify-css@0.3.13 No license field.
22 info package.json gulp-util@2.2.20 No license field.
23 verbose readDependencies loading dependencies from /Users/tengyao/Development/tengyao/package.json
24 silly cache add args [ 'ngCordova', null ]
25 verbose cache add spec ngCordova
26 silly cache add parsed spec { raw: 'ngCordova',
26 silly cache add   scope: null,
26 silly cache add   name: 'ngCordova',
26 silly cache add   rawSpec: '',
26 silly cache add   spec: '*',
26 silly cache add   type: 'range' }
27 silly addNamed ngCordova@*
28 verbose addNamed "*" is a valid semver range for ngCordova
29 silly addNameRange { name: 'ngCordova', range: '*', hasData: false }
30 silly mapToRegistry name ngCordova
31 silly mapToRegistry using default registry
32 silly mapToRegistry registry https://registry.npmjs.org/
33 silly mapToRegistry uri https://registry.npmjs.org/ngCordova
34 verbose addNameRange registry:https://registry.npmjs.org/ngCordova not in flight; fetching
35 verbose request uri https://registry.npmjs.org/ngCordova
36 verbose request no auth needed
37 info attempt registry request try #1 at 13:45:13
38 verbose request id 77113a38ab95e3ee
39 http request GET https://registry.npmjs.org/ngCordova
40 http 404 https://registry.npmjs.org/ngCordova
41 verbose headers { 'content-type': 'application/json',
41 verbose headers   'cache-control': 'max-age=0',
41 verbose headers   'content-length': '2',
41 verbose headers   'accept-ranges': 'bytes',
41 verbose headers   date: 'Fri, 04 Sep 2015 05:45:33 GMT',
41 verbose headers   via: '1.1 varnish',
41 verbose headers   connection: 'keep-alive',
41 verbose headers   'x-served-by': 'cache-nrt6122-NRT',
41 verbose headers   'x-cache': 'MISS',
41 verbose headers   'x-cache-hits': '0',
41 verbose headers   'x-timer': 'S1441345533.408280,VS0,VE526' }
42 silly get cb [ 404,
42 silly get   { 'content-type': 'application/json',
42 silly get     'cache-control': 'max-age=0',
42 silly get     'content-length': '2',
42 silly get     'accept-ranges': 'bytes',
42 silly get     date: 'Fri, 04 Sep 2015 05:45:33 GMT',
42 silly get     via: '1.1 varnish',
42 silly get     connection: 'keep-alive',
42 silly get     'x-served-by': 'cache-nrt6122-NRT',
42 silly get     'x-cache': 'MISS',
42 silly get     'x-cache-hits': '0',
42 silly get     'x-timer': 'S1441345533.408280,VS0,VE526' } ]
43 verbose stack Error: Registry returned 404 for GET on https://registry.npmjs.org/ngCordova
43 verbose stack     at CachingRegistryClient.<anonymous> (/usr/local/lib/node_modules/npm/node_modules/npm-registry-client/lib/request.js:239:14)
43 verbose stack     at Request._callback (/usr/local/lib/node_modules/npm/node_modules/npm-registry-client/lib/request.js:170:14)
43 verbose stack     at Request.self.callback (/usr/local/lib/node_modules/npm/node_modules/request/request.js:197:22)
43 verbose stack     at Request.emit (events.js:110:17)
43 verbose stack     at Request.<anonymous> (/usr/local/lib/node_modules/npm/node_modules/request/request.js:1050:14)
43 verbose stack     at Request.emit (events.js:129:20)
43 verbose stack     at IncomingMessage.<anonymous> (/usr/local/lib/node_modules/npm/node_modules/request/request.js:996:12)
43 verbose stack     at IncomingMessage.emit (events.js:129:20)
43 verbose stack     at _stream_readable.js:908:16
43 verbose stack     at process._tickCallback (node.js:355:11)
44 verbose statusCode 404
45 verbose pkgid ngCordova
46 verbose cwd /Users/tengyao/Development/tengyao
47 error Darwin 14.4.0
48 error argv "node" "/usr/local/bin/npm" "install" "ngCordova"
49 error node v0.12.7
50 error npm  v2.12.1
51 error code E404
52 error 404 Registry returned 404 for GET on https://registry.npmjs.org/ngCordova
52 error 404
52 error 404 'ngCordova' is not in the npm registry.
52 error 404 Your package name is not valid, because
52 error 404
52 error 404  1. name can no longer contain capital letters
52 error 404 It was specified as a dependency of 'tengyao'
52 error 404
52 error 404 Note that you can also install from a
52 error 404 tarball, folder, http url, or git url.
53 verbose exit [ 1, true ]
